<?xml version="1.0" encoding="UTF-8"?>
<testng-results ignored="0" total="1" passed="1" failed="0" skipped="0">
  <reporter-output>
  </reporter-output>
  <suite started-at="2022-08-27T21:03:50 AEST" name="Suite" finished-at="2022-08-27T21:03:59 AEST" duration-ms="8180">
    <groups>
    </groups>
    <test started-at="2022-08-27T21:03:50 AEST" name="Test" finished-at="2022-08-27T21:03:59 AEST" duration-ms="8180">
      <class name="SampleDemoTest.DemoLogin">
        <test-method is-config="true" signature="setup()[pri:0, instance:SampleDemoTest.DemoLogin@32502377]" started-at="2022-08-27T21:03:50 AEST" name="setup" finished-at="2022-08-27T21:03:58 AEST" duration-ms="7911" status="PASS">
          <reporter-output>
          </reporter-output>
        </test-method> <!-- setup -->
        <test-method signature="test()[pri:0, instance:SampleDemoTest.DemoLogin@32502377]" started-at="2022-08-27T21:03:58 AEST" name="test" finished-at="2022-08-27T21:03:59 AEST" duration-ms="222" status="PASS">
          <reporter-output>
          </reporter-output>
        </test-method> <!-- test -->
      </class> <!-- SampleDemoTest.DemoLogin -->
    </test> <!-- Test -->
  </suite> <!-- Suite -->
</testng-results>
